#
# There is insufficient memory for the Java Runtime Environment to continue.
# Native memory allocation (malloc) failed to allocate 1070656 bytes for Chunk::new
# Possible reasons:
#   The system is out of physical RAM or swap space
#   In 32 bit mode, the process size limit was hit
# Possible solutions:
#   Reduce memory load on the system
#   Increase physical memory or swap space
#   Check if swap backing store is full
#   Use 64 bit Java on a 64 bit OS
#   Decrease Java heap size (-Xmx/-Xms)
#   Decrease number of Java threads
#   Decrease Java thread stack sizes (-Xss)
#   Set larger code cache with -XX:ReservedCodeCacheSize=
# This output file may be truncated or incomplete.
#
#  Out of Memory Error (allocation.cpp:390), pid=9328, tid=3720
#
# JRE version: Java(TM) SE Runtime Environment (8.0_45-b15) (build 1.8.0_45-b15)
# Java VM: Java HotSpot(TM) 64-Bit Server VM (25.45-b02 mixed mode windows-amd64 compressed oops)
# Failed to write core dump. Minidumps are not enabled by default on client versions of Windows
#

---------------  T H R E A D  ---------------

Current thread (0x000000005672b000):  JavaThread "C2 CompilerThread1" daemon [_thread_in_native, id=3720, stack(0x0000000056cc0000,0x0000000056dc0000)]

Stack: [0x0000000056cc0000,0x0000000056dc0000]
[error occurred during error reporting (printing stack bounds), id 0xc0000005]

Native frames: (J=compiled Java code, j=interpreted, Vv=VM code, C=native code)
V  [jvm.dll+0x32b57a]


Current CompileTask:
C2:3526397 9001       4       org.gradle.api.internal.file.pattern.PatternMatcherFactory::compile (121 bytes)


---------------  P R O C E S S  ---------------

Java Threads: ( => current thread )
  0x000000005674d000 JavaThread "Stdin handler" [_thread_blocked, id=11080, stack(0x0000000059470000,0x0000000059570000)]
  0x000000005674b800 JavaThread "Daemon worker Thread 4" [_thread_in_Java, id=9712, stack(0x0000000059320000,0x0000000059420000)]
  0x000000005674b000 JavaThread "Cancel handler" [_thread_blocked, id=9256, stack(0x0000000058c70000,0x0000000058d70000)]
  0x000000005674c800 JavaThread "Handler for socket connection from /127.0.0.1:10429 to /127.0.0.1:21578" [_thread_in_native, id=4308, stack(0x0000000059170000,0x0000000059270000)]
  0x000000005674a000 JavaThread "Daemon Thread 4" [_thread_blocked, id=8768, stack(0x0000000059040000,0x0000000059140000)]
  0x000000005cecd800 JavaThread "File lock request listener" [_thread_in_native, id=9332, stack(0x000000005b040000,0x000000005b140000)]
  0x0000000057bd3000 JavaThread "Incoming local TCP Connector on port 10429" [_thread_in_native, id=7964, stack(0x0000000058960000,0x0000000058a60000)]
  0x0000000056785800 JavaThread "Service Thread" daemon [_thread_blocked, id=3648, stack(0x0000000057070000,0x0000000057170000)]
  0x0000000056744000 JavaThread "C1 CompilerThread2" daemon [_thread_blocked, id=6852, stack(0x0000000056f60000,0x0000000057060000)]
=>0x000000005672b000 JavaThread "C2 CompilerThread1" daemon [_thread_in_native, id=3720, stack(0x0000000056cc0000,0x0000000056dc0000)]
  0x00000000566f2800 JavaThread "C2 CompilerThread0" daemon [_thread_in_native, id=10024, stack(0x0000000056e60000,0x0000000056f60000)]
  0x00000000550a7000 JavaThread "Attach Listener" daemon [_thread_blocked, id=8228, stack(0x0000000056bc0000,0x0000000056cc0000)]
  0x00000000550a5800 JavaThread "Signal Dispatcher" daemon [_thread_blocked, id=7184, stack(0x00000000562c0000,0x00000000563c0000)]
  0x0000000055047800 JavaThread "Finalizer" daemon [_thread_blocked, id=7420, stack(0x00000000565f0000,0x00000000566f0000)]
  0x0000000055040800 JavaThread "Reference Handler" daemon [_thread_blocked, id=9520, stack(0x00000000563d0000,0x00000000564d0000)]
  0x00000000021af800 JavaThread "main" [_thread_blocked, id=9808, stack(0x0000000002510000,0x0000000002610000)]

Other Threads:
  0x000000005503d000 VMThread [stack: 0x0000000056180000,0x0000000056280000] [id=9752]
  0x0000000056787000 WatcherThread [stack: 0x0000000011fe0000,0x00000000120e0000] [id=9152]

VM state:not at safepoint (normal execution)

VM Mutex/Monitor currently owned by a thread: None

Heap:
 PSYoungGen      total 177664K, used 39620K [0x00000000eab00000, 0x00000000f7100000, 0x0000000100000000)
  eden space 152576K, 13% used [0x00000000eab00000,0x00000000ebedc7c8,0x00000000f4000000)
  from space 25088K, 76% used [0x00000000f5880000,0x00000000f6b54990,0x00000000f7100000)
  to   space 22528K, 0% used [0x00000000f4000000,0x00000000f4000000,0x00000000f5600000)
 ParOldGen       total 129536K, used 84382K [0x00000000c0000000, 0x00000000c7e80000, 0x00000000eab00000)
  object space 129536K, 65% used [0x00000000c0000000,0x00000000c5267840,0x00000000c7e80000)
 Metaspace       used 66879K, capacity 71888K, committed 71976K, reserved 1110016K
  class space    used 9424K, capacity 11271K, committed 11304K, reserved 1048576K

Card table byte_map: [0x0000000011ca0000,0x0000000011eb0000] byte_map_base: 0x00000000116a0000

Marking Bits: (ParMarkBitMap*) 0x000000005bbb4040
 Begin Bits: [0x00000000124b0000, 0x00000000134b0000)
 End Bits:   [0x00000000134b0000, 0x00000000144b0000)

Polling page: 0x0000000001b60000

CodeCache: size=245760Kb used=27148Kb max_used=27163Kb free=218611Kb
 bounds [0x00000000028e0000, 0x00000000043a0000, 0x00000000118e0000]
 total_blobs=7882 nmethods=7193 adapters=599
 compilation: enabled

Compilation events (10 events):
Event: 3525.483 Thread 0x0000000056744000 9019       3       sun.reflect.ClassDefiner::defineClass (31 bytes)
Event: 3525.484 Thread 0x0000000056744000 nmethod 9019 0x000000000434e950 code [0x000000000434eae0, 0x000000000434ef38]
Event: 3525.537 Thread 0x0000000056744000 9020       3       sun.reflect.generics.parser.SignatureParser::parseTypeArguments (109 bytes)
Event: 3525.538 Thread 0x0000000056744000 nmethod 9020 0x00000000043816d0 code [0x0000000004381960, 0x0000000004382988]
Event: 3525.563 Thread 0x0000000056744000 9021       3       java.lang.reflect.Field::acquireFieldAccessor (59 bytes)
Event: 3525.564 Thread 0x0000000056744000 nmethod 9021 0x00000000041df390 code [0x00000000041df560, 0x00000000041dfca8]
Event: 3525.575 Thread 0x000000005672b000 nmethod 8999 0x0000000004388910 code [0x0000000004388cc0, 0x000000000438cc28]
Event: 3525.575 Thread 0x000000005672b000 9001       4       org.gradle.api.internal.file.pattern.PatternMatcherFactory::compile (121 bytes)
Event: 3525.633 Thread 0x0000000056744000 9022       3       groovy.lang.MetaClassImpl::chooseMethodInternal (269 bytes)
Event: 3525.635 Thread 0x0000000056744000 nmethod 9022 0x00000000043858d0 code [0x0000000004385c00, 0x00000000043879f8]

GC Heap History (10 events):
Event: 570.676 GC heap before
{Heap before GC invocations=21 (full 4):
 PSYoungGen      total 152064K, used 11397K [0x00000000eab00000, 0x00000000f6c00000, 0x0000000100000000)
  eden space 130560K, 0% used [0x00000000eab00000,0x00000000eab00000,0x00000000f2a80000)
  from space 21504K, 53% used [0x00000000f2a80000,0x00000000f35a1788,0x00000000f3f80000)
  to   space 20992K, 0% used [0x00000000f5780000,0x00000000f5780000,0x00000000f6c00000)
 ParOldGen       total 74752K, used 65356K [0x00000000c0000000, 0x00000000c4900000, 0x00000000eab00000)
  object space 74752K, 87% used [0x00000000c0000000,0x00000000c3fd3038,0x00000000c4900000)
 Metaspace       used 55621K, capacity 59240K, committed 59560K, reserved 1099776K
  class space    used 7700K, capacity 9027K, committed 9128K, reserved 1048576K
Event: 571.154 GC heap after
Heap after GC invocations=21 (full 4):
 PSYoungGen      total 152064K, used 0K [0x00000000eab00000, 0x00000000f6c00000, 0x0000000100000000)
  eden space 130560K, 0% used [0x00000000eab00000,0x00000000eab00000,0x00000000f2a80000)
  from space 21504K, 0% used [0x00000000f2a80000,0x00000000f2a80000,0x00000000f3f80000)
  to   space 20992K, 0% used [0x00000000f5780000,0x00000000f5780000,0x00000000f6c00000)
 ParOldGen       total 129536K, used 70928K [0x00000000c0000000, 0x00000000c7e80000, 0x00000000eab00000)
  object space 129536K, 54% used [0x00000000c0000000,0x00000000c4544368,0x00000000c7e80000)
 Metaspace       used 55621K, capacity 59240K, committed 59560K, reserved 1099776K
  class space    used 7700K, capacity 9027K, committed 9128K, reserved 1048576K
}
Event: 572.712 GC heap before
{Heap before GC invocations=22 (full 4):
 PSYoungGen      total 152064K, used 130560K [0x00000000eab00000, 0x00000000f6c00000, 0x0000000100000000)
  eden space 130560K, 100% used [0x00000000eab00000,0x00000000f2a80000,0x00000000f2a80000)
  from space 21504K, 0% used [0x00000000f2a80000,0x00000000f2a80000,0x00000000f3f80000)
  to   space 20992K, 0% used [0x00000000f5780000,0x00000000f5780000,0x00000000f6c00000)
 ParOldGen       total 129536K, used 70928K [0x00000000c0000000, 0x00000000c7e80000, 0x00000000eab00000)
  object space 129536K, 54% used [0x00000000c0000000,0x00000000c4544368,0x00000000c7e80000)
 Metaspace       used 59542K, capacity 63555K, committed 63912K, reserved 1103872K
  class space    used 8340K, capacity 9788K, committed 9896K, reserved 1048576K
Event: 572.756 GC heap after
Heap after GC invocations=22 (full 4):
 PSYoungGen      total 173568K, used 17203K [0x00000000eab00000, 0x00000000f6c00000, 0x0000000100000000)
  eden space 152576K, 0% used [0x00000000eab00000,0x00000000eab00000,0x00000000f4000000)
  from space 20992K, 81% used [0x00000000f5780000,0x00000000f684cec0,0x00000000f6c00000)
  to   space 22528K, 0% used [0x00000000f4000000,0x00000000f4000000,0x00000000f5600000)
 ParOldGen       total 129536K, used 70936K [0x00000000c0000000, 0x00000000c7e80000, 0x00000000eab00000)
  object space 129536K, 54% used [0x00000000c0000000,0x00000000c4546368,0x00000000c7e80000)
 Metaspace       used 59542K, capacity 63555K, committed 63912K, reserved 1103872K
  class space    used 8340K, capacity 9788K, committed 9896K, reserved 1048576K
}
Event: 578.010 GC heap before
{Heap before GC invocations=23 (full 4):
 PSYoungGen      total 173568K, used 107103K [0x00000000eab00000, 0x00000000f6c00000, 0x0000000100000000)
  eden space 152576K, 58% used [0x00000000eab00000,0x00000000f02cadf0,0x00000000f4000000)
  from space 20992K, 81% used [0x00000000f5780000,0x00000000f684cec0,0x00000000f6c00000)
  to   space 22528K, 0% used [0x00000000f4000000,0x00000000f4000000,0x00000000f5600000)
 ParOldGen       total 129536K, used 70936K [0x00000000c0000000, 0x00000000c7e80000, 0x00000000eab00000)
  object space 129536K, 54% used [0x00000000c0000000,0x00000000c4546368,0x00000000c7e80000)
 Metaspace       used 61248K, capacity 65497K, committed 65832K, reserved 1105920K
  class space    used 8616K, capacity 10165K, committed 10280K, reserved 1048576K
Event: 578.037 GC heap after
Heap after GC invocations=23 (full 4):
 PSYoungGen      total 175104K, used 20328K [0x00000000eab00000, 0x00000000f7100000, 0x0000000100000000)
  eden space 152576K, 0% used [0x00000000eab00000,0x00000000eab00000,0x00000000f4000000)
  from space 22528K, 90% used [0x00000000f4000000,0x00000000f53da2e8,0x00000000f5600000)
  to   space 25088K, 0% used [0x00000000f5880000,0x00000000f5880000,0x00000000f7100000)
 ParOldGen       total 129536K, used 70944K [0x00000000c0000000, 0x00000000c7e80000, 0x00000000eab00000)
  object space 129536K, 54% used [0x00000000c0000000,0x00000000c4548368,0x00000000c7e80000)
 Metaspace       used 61248K, capacity 65497K, committed 65832K, reserved 1105920K
  class space    used 8616K, capacity 10165K, committed 10280K, reserved 1048576K
}
Event: 578.037 GC heap before
{Heap before GC invocations=24 (full 5):
 PSYoungGen      total 175104K, used 20328K [0x00000000eab00000, 0x00000000f7100000, 0x0000000100000000)
  eden space 152576K, 0% used [0x00000000eab00000,0x00000000eab00000,0x00000000f4000000)
  from space 22528K, 90% used [0x00000000f4000000,0x00000000f53da2e8,0x00000000f5600000)
  to   space 25088K, 0% used [0x00000000f5880000,0x00000000f5880000,0x00000000f7100000)
 ParOldGen       total 129536K, used 70944K [0x00000000c0000000, 0x00000000c7e80000, 0x00000000eab00000)
  object space 129536K, 54% used [0x00000000c0000000,0x00000000c4548368,0x00000000c7e80000)
 Metaspace       used 61248K, capacity 65497K, committed 65832K, reserved 1105920K
  class space    used 8616K, capacity 10165K, committed 10280K, reserved 1048576K
Event: 578.620 GC heap after
Heap after GC invocations=24 (full 5):
 PSYoungGen      total 175104K, used 0K [0x00000000eab00000, 0x00000000f7100000, 0x0000000100000000)
  eden space 152576K, 0% used [0x00000000eab00000,0x00000000eab00000,0x00000000f4000000)
  from space 22528K, 0% used [0x00000000f4000000,0x00000000f4000000,0x00000000f5600000)
  to   space 25088K, 0% used [0x00000000f5880000,0x00000000f5880000,0x00000000f7100000)
 ParOldGen       total 129536K, used 84374K [0x00000000c0000000, 0x00000000c7e80000, 0x00000000eab00000)
  object space 129536K, 65% used [0x00000000c0000000,0x00000000c5265840,0x00000000c7e80000)
 Metaspace       used 61248K, capacity 65497K, committed 65832K, reserved 1105920K
  class space    used 8616K, capacity 10165K, committed 10280K, reserved 1048576K
}
Event: 3525.232 GC heap before
{Heap before GC invocations=25 (full 5):
 PSYoungGen      total 175104K, used 152576K [0x00000000eab00000, 0x00000000f7100000, 0x0000000100000000)
  eden space 152576K, 100% used [0x00000000eab00000,0x00000000f4000000,0x00000000f4000000)
  from space 22528K, 0% used [0x00000000f4000000,0x00000000f4000000,0x00000000f5600000)
  to   space 25088K, 0% used [0x00000000f5880000,0x00000000f5880000,0x00000000f7100000)
 ParOldGen       total 129536K, used 84374K [0x00000000c0000000, 0x00000000c7e80000, 0x00000000eab00000)
  object space 129536K, 65% used [0x00000000c0000000,0x00000000c5265840,0x00000000c7e80000)
 Metaspace       used 66272K, capacity 71213K, committed 71336K, reserved 1110016K
  class space    used 9330K, capacity 11127K, committed 11176K, reserved 1048576K
Event: 3525.259 GC heap after
Heap after GC invocations=25 (full 5):
 PSYoungGen      total 177664K, used 19282K [0x00000000eab00000, 0x00000000f7100000, 0x0000000100000000)
  eden space 152576K, 0% used [0x00000000eab00000,0x00000000eab00000,0x00000000f4000000)
  from space 25088K, 76% used [0x00000000f5880000,0x00000000f6b54990,0x00000000f7100000)
  to   space 22528K, 0% used [0x00000000f4000000,0x00000000f4000000,0x00000000f5600000)
 ParOldGen       total 129536K, used 84382K [0x00000000c0000000, 0x00000000c7e80000, 0x00000000eab00000)
  object space 129536K, 65% used [0x00000000c0000000,0x00000000c5267840,0x00000000c7e80000)
 Metaspace       used 66272K, capacity 71213K, committed 71336K, reserved 1110016K
  class space    used 9330K, capacity 11127K, committed 11176K, reserved 1048576K
}

Deoptimization events (10 events):
Event: 576.734 Thread 0x000000005674c800 Uncommon trap: reason=unstable_if action=reinterpret pc=0x0000000003eb5230 method=sun.security.provider.DigestBase.engineUpdate(B)V @ 4
Event: 576.734 Thread 0x000000005674c800 Uncommon trap: reason=class_check action=maybe_recompile pc=0x0000000002d823c4 method=java.io.DataInputStream.readUnsignedShort()I @ 4
Event: 576.734 Thread 0x000000005674c800 Uncommon trap: reason=class_check action=maybe_recompile pc=0x0000000002d823c4 method=java.io.DataInputStream.readUnsignedShort()I @ 4
Event: 576.804 Thread 0x000000005674c800 Uncommon trap: reason=unstable_if action=reinterpret pc=0x0000000003cd52d4 method=java.util.Formatter$FormatSpecifier.index(Ljava/lang/String;)I @ 1
Event: 577.802 Thread 0x000000005674c800 Uncommon trap: reason=unstable_if action=reinterpret pc=0x0000000003ef49c4 method=sun.security.provider.DigestBase.engineUpdate(B)V @ 4
Event: 577.859 Thread 0x000000005674c800 Uncommon trap: reason=class_check action=maybe_recompile pc=0x0000000002a85cc4 method=java.util.AbstractList$Itr.hasNext()Z @ 8
Event: 577.859 Thread 0x000000005674c800 Uncommon trap: reason=class_check action=maybe_recompile pc=0x000000000310f0f4 method=java.util.AbstractList$Itr.next()Ljava/lang/Object; @ 14
Event: 577.978 Thread 0x000000005674c800 Uncommon trap: reason=class_check action=maybe_recompile pc=0x0000000003baeff0 method=org.gradle.logging.internal.AbstractLineChoppingStyledTextOutput.doAppend(Ljava/lang/String;)V @ 28
Event: 3524.421 Thread 0x000000005674b800 Uncommon trap: reason=null_check action=make_not_entrant pc=0x000000000432a3bc method=java.beans.PropertyDescriptor.findPropertyType(Ljava/lang/reflect/Method;Ljava/lang/reflect/Method;)Ljava/lang/Class; @ 157
Event: 3525.229 Thread 0x000000005674b800 Uncommon trap: reason=null_check action=make_not_entrant pc=0x000000000312b268 method=org.codehaus.groovy.runtime.typehandling.DefaultTypeTransformation.castToType(Ljava/lang/Object;Ljava/lang/Class;)Ljava/lang/Object; @ 28

Internal exceptions (10 events):
Event: 3525.536 Thread 0x000000005674b800 Exception <a 'java/lang/ClassNotFoundException': com/android/build/gradle/tasks/PackageApplicationCustomizer> (0x00000000eb676e70) thrown at [C:\re\workspace\8-2-build-windows-amd64-cygwin\jdk8u45\3627\hotspot\src\share\vm\classfile\systemDictionary.cpp, lÍÂ>ã´@
Event: 3525.539 Thread 0x000000005674b800 Exception <a 'java/lang/ClassNotFoundException': com/android/build/gradle/tasks/PackageApplication_DecoratedCustomizer> (0x00000000eb6eae70) thrown at [C:\re\workspace\8-2-build-windows-amd64-cygwin\jdk8u45\3627\hotspot\src\share\vm\classfile\systemDiction
Event: 3525.611 Thread 0x000000005674b800 Exception <a 'java/lang/ClassNotFoundException': com/android/build/gradle/internal/tasks/ValidateSigningTask_DecoratedBeanInfo> (0x00000000eb997de8) thrown at [C:\re\workspace\8-2-build-windows-amd64-cygwin\jdk8u45\3627\hotspot\src\share\vm\classfile\systeœôíB9ã´@
Event: 3525.612 Thread 0x000000005674b800 Exception <a 'java/lang/ClassNotFoundException': com/android/build/gradle/internal/tasks/ValidateSigningTaskBeanInfo> (0x00000000eb9a7bc0) thrown at [C:\re\workspace\8-2-build-windows-amd64-cygwin\jdk8u45\3627\hotspot\src\share\vm\classfile\systemDictionarÍtn√9ã´@
Event: 3525.613 Thread 0x000000005674b800 Exception <a 'java/lang/ClassNotFoundException': com/android/build/gradle/internal/tasks/ValidateSigningTaskCustomizer> (0x00000000eb9b7ad0) thrown at [C:\re\workspace\8-2-build-windows-amd64-cygwin\jdk8u45\3627\hotspot\src\share\vm\classfile\systemDiction°°‚:ã´@
Event: 3525.615 Thread 0x000000005674b800 Exception <a 'java/lang/ClassNotFoundException': com/android/build/gradle/internal/tasks/ValidateSigningTask_DecoratedCustomizer> (0x00000000eba082c8) thrown at [C:\re\workspace\8-2-build-windows-amd64-cygwin\jdk8u45\3627\hotspot\src\share\vm\classfile\sys˝¶@rHã´@
Event: 3525.641 Thread 0x000000005674b800 Exception <a 'java/lang/ClassNotFoundException': com/android/build/gradle/internal/tasks/InstallVariantTask_DecoratedBeanInfo> (0x00000000ebb784d8) thrown at [C:\re\workspace\8-2-build-windows-amd64-cygwin\jdk8u45\3627\hotspot\src\share\vm\classfile\systems[Â¥Hã´@
Event: 3525.642 Thread 0x000000005674b800 Exception <a 'java/lang/ClassNotFoundException': com/android/build/gradle/internal/tasks/InstallVariantTaskBeanInfo> (0x00000000ebb87aa8) thrown at [C:\re\workspace\8-2-build-windows-amd64-cygwin\jdk8u45\3627\hotspot\src\share\vm\classfile\systemDictionary(ù`˛Hã´@
Event: 3525.643 Thread 0x000000005674b800 Exception <a 'java/lang/ClassNotFoundException': com/android/build/gradle/internal/tasks/InstallVariantTaskCustomizer> (0x00000000ebb976a8) thrown at [C:\re\workspace\8-2-build-windows-amd64-cygwin\jdk8u45\3627\hotspot\src\share\vm\classfile\systemDictiona?ÅõÓIã´@
Event: 3525.644 Thread 0x000000005674b800 Exception <a 'java/lang/ClassNotFoundException': com/android/build/gradle/internal/tasks/InstallVariantTask_DecoratedCustomizer> (0x00000000ebbf0a58) thrown at [C:\re\workspace\8-2-build-windows-amd64-cygwin\jdk8u45\3627\hotspot\src\share\vm\classfile\syst	ó^ã´@

Events (10 events):
Event: 3525.642 loading class com/android/build/gradle/internal/tasks/InstallVariantTaskCustomizer
Event: 3525.642 loading class com/android/build/gradle/internal/tasks/InstallVariantTaskCustomizer done
Event: 3525.642 loading class com/android/build/gradle/internal/tasks/InstallVariantTaskCustomizer
Event: 3525.643 loading class com/android/build/gradle/internal/tasks/InstallVariantTaskCustomizer done
Event: 3525.644 loading class com/android/build/gradle/internal/tasks/InstallVariantTask_DecoratedCustomizer
Event: 3525.644 loading class com/android/build/gradle/internal/tasks/InstallVariantTask_DecoratedCustomizer done
Event: 3525.644 loading class com/android/build/gradle/internal/tasks/InstallVariantTask_DecoratedCustomizer
Event: 3525.644 loading class com/android/build/gradle/internal/tasks/InstallVariantTask_DecoratedCustomizer done
Event: 3525.647 loading class groovy/runtime/metaclass/com/android/build/gradle/internal/tasks/InstallVariantTask$_closure1MetaClass
Event: 3525.647 loading class groovy/runtime/metaclass/com/android/build/gradle/internal/tasks/InstallVariantTask$_closure1MetaClass done


Dynamic libraries:
0x000000013f820000 - 0x000000013f857000 	C:\Program Files\Java\jdk1.8.0_45\bin\java.exe
0x00000000775c0000 - 0x0000000077769000 	C:\windows\SYSTEM32\ntdll.dll
0x00000000774a0000 - 0x00000000775bf000 	C:\windows\system32\kernel32.dll
0x000007fefc440000 - 0x000007fefc4ac000 	C:\windows\system32\KERNELBASE.dll
0x000007fefd5c0000 - 0x000007fefd69b000 	C:\windows\system32\ADVAPI32.dll
0x000007fefc8e0000 - 0x000007fefc97f000 	C:\windows\system32\msvcrt.dll
0x000007fefd580000 - 0x000007fefd59f000 	C:\windows\SYSTEM32\sechost.dll
0x000007fefccf0000 - 0x000007fefce1d000 	C:\windows\system32\RPCRT4.dll
0x00000000773a0000 - 0x000000007749a000 	C:\windows\system32\USER32.dll
0x000007fefd510000 - 0x000007fefd577000 	C:\windows\system32\GDI32.dll
0x000007fefea80000 - 0x000007fefea8e000 	C:\windows\system32\LPK.dll
0x000007fefcc20000 - 0x000007fefcce9000 	C:\windows\system32\USP10.dll
0x000007fefaca0000 - 0x000007fefae94000 	C:\windows\WinSxS\amd64_microsoft.windows.common-controls_6595b64144ccf1df_6.0.7601.17514_none_fa396087175ac9ac\COMCTL32.dll
0x000007fefca90000 - 0x000007fefcb01000 	C:\windows\system32\SHLWAPI.dll
0x000007fefc980000 - 0x000007fefc9ae000 	C:\windows\system32\IMM32.DLL
0x000007fefcb10000 - 0x000007fefcc19000 	C:\windows\system32\MSCTF.dll
0x00000000603b0000 - 0x0000000060482000 	C:\Program Files\Java\jdk1.8.0_45\jre\bin\msvcr100.dll
0x000000005b3b0000 - 0x000000005bc33000 	C:\Program Files\Java\jdk1.8.0_45\jre\bin\server\jvm.dll
0x000007fef7620000 - 0x000007fef7629000 	C:\windows\system32\WSOCK32.dll
0x000007fefce20000 - 0x000007fefce6d000 	C:\windows\system32\WS2_32.dll
0x000007fefea90000 - 0x000007fefea98000 	C:\windows\system32\NSI.dll
0x000007fefa280000 - 0x000007fefa2bb000 	C:\windows\system32\WINMM.dll
0x000007fefb7e0000 - 0x000007fefb7ec000 	C:\windows\system32\VERSION.dll
0x0000000077780000 - 0x0000000077787000 	C:\windows\system32\PSAPI.DLL
0x0000000069ad0000 - 0x0000000069adf000 	C:\Program Files\Java\jdk1.8.0_45\jre\bin\verify.dll
0x0000000069aa0000 - 0x0000000069ac9000 	C:\Program Files\Java\jdk1.8.0_45\jre\bin\java.dll
0x0000000069a80000 - 0x0000000069a96000 	C:\Program Files\Java\jdk1.8.0_45\jre\bin\zip.dll
0x000007fefda00000 - 0x000007fefe788000 	C:\windows\system32\SHELL32.dll
0x000007fefd300000 - 0x000007fefd503000 	C:\windows\system32\ole32.dll
0x000007fefc3c0000 - 0x000007fefc3cf000 	C:\windows\system32\profapi.dll
0x000007fefbd20000 - 0x000007fefbd37000 	C:\windows\system32\CRYPTSP.dll
0x000007fefb790000 - 0x000007fefb7d7000 	C:\windows\system32\rsaenh.dll
0x000007fefc3f0000 - 0x000007fefc40e000 	C:\windows\system32\USERENV.dll
0x000007fefc260000 - 0x000007fefc26f000 	C:\windows\system32\CRYPTBASE.dll
0x0000000069a60000 - 0x0000000069a7a000 	C:\Program Files\Java\jdk1.8.0_45\jre\bin\net.dll
0x000007fefbb50000 - 0x000007fefbba5000 	C:\windows\system32\mswsock.dll
0x000007fefbe00000 - 0x000007fefbe07000 	C:\windows\System32\wship6.dll
0x000007fef9930000 - 0x000007fef9957000 	C:\windows\system32\IPHLPAPI.DLL
0x000007fef9920000 - 0x000007fef992b000 	C:\windows\system32\WINNSI.DLL
0x000007fef95c0000 - 0x000007fef95d8000 	C:\windows\system32\dhcpcsvc.DLL
0x000007fef9020000 - 0x000007fef9031000 	C:\windows\system32\dhcpcsvc6.DLL
0x0000000069a40000 - 0x0000000069a51000 	C:\Program Files\Java\jdk1.8.0_45\jre\bin\nio.dll
0x000007fef7c20000 - 0x000007fef7c32000 	C:\Users\craig\AppData\Local\Temp\native-platform7387064496108785572dir\native-platform.dll
0x000007fefc200000 - 0x000007fefc257000 	C:\windows\system32\apphelp.dll
0x000007fef5460000 - 0x000007fef5585000 	C:\windows\system32\dbghelp.dll

VM Arguments:
jvm_args: -XX:MaxPermSize=256m -XX:+HeapDumpOnOutOfMemoryError -Xmx1024m -Dfile.encoding=windows-1252 -Duser.country=AU -Duser.language=en -Duser.variant 
java_command: org.gradle.launcher.daemon.bootstrap.GradleDaemon 2.2.1 C:\Users\craig\.gradle\daemon 10800000 3cd43b7f-f352-49e4-9a37-72b9b3aaa2ec -XX:MaxPermSize=256m -XX:+HeapDumpOnOutOfMemoryError -Xmx1024m -Dfile.encoding=windows-1252 -Duser.country=AU -Duser.language=en -Duser.variant
java_class_path (initial): C:\Program Files\Android\Android Studio\gradle\gradle-2.2.1\lib\gradle-launcher-2.2.1.jar
Launcher Type: SUN_STANDARD

Environment Variables:
PATH=C:\ProgramData\Oracle\Java\javapath;C:\Program Files\Common Files\Microsoft Shared\Windows Live;C:\Program Files (x86)\Common Files\Microsoft Shared\Windows Live;C:\windows\system32;C:\windows;C:\windows\System32\Wbem;c:\Program Files (x86)\Common Files\Roxio Shared\OEM\DLLShared\;c:\Program Files (x86)\Common Files\Roxio Shared\OEM\DLLShared\;c:\Program Files (x86)\Common Files\Roxio Shared\OEM\12.0\DLLShared\;c:\Program Files (x86)\Roxio\OEM\AudioCore\;C:\Program Files\WIDCOMM\Bluetooth Software\;C:\Program Files\WIDCOMM\Bluetooth Software\syswow64;C:\Program Files (x86)\Windows Live\Shared;c:\Program Files (x86)\Microsoft SQL Server\100\Tools\Binn\;c:\Program Files\Microsoft SQL Server\100\Tools\Binn\;c:\Program Files\Microsoft SQL Server\100\DTS\Binn\;C:\Program Files\Microsoft SQL Server\110\Tools\Binn\;C:\Program Files\TortoiseSVN\bin;C:\windows\System32\WindowsPowerShell\v1.0\;C:\windows\System32\WindowsPowerShell\v1.0\;C:\Program Files\Microsoft SQL Server\120\Tools\Binn\;C:\Program Files\Microsoft\Web Platform Installer\;C:\Program Files (x86)\GtkSharp\2.12\bin;C:\Program Files\nodejs\;C:\Program Files (x86)\Microsoft SDKs\TypeScript\1.0\;C:\Program Files (x86)\Brackets\command;C:\Users\craig\AppData\Roaming\npm;C:\eb\eb\windows;C:\Program Files (x86)\Git\bin;C:\Program Files (x86)\Git\cmd
USERNAME=craig
OS=Windows_NT
PROCESSOR_IDENTIFIER=Intel64 Family 6 Model 42 Stepping 7, GenuineIntel



---------------  S Y S T E M  ---------------

OS: Windows 7 , 64 bit Build 7601 (6.1.7601.18409)

CPU:total 4 (2 cores per cpu, 2 threads per core) family 6 model 42 stepping 7, cmov, cx8, fxsr, mmx, sse, sse2, sse3, ssse3, sse4.1, sse4.2, popcnt, avx, aes, clmul, ht, tsc, tscinvbit

Memory: 4k page, physical 4100376k(212648k free), swap 5373640k(5124k free)

vm_info: Java HotSpot(TM) 64-Bit Server VM (25.45-b02) for windows-amd64 JRE (1.8.0_45-b15), built on Apr 30 2015 12:40:44 by "java_re" with MS VC++ 10.0 (VS2010)

time: Wed May 06 21:40:25 2015
elapsed time: 3525 seconds (0d 0h 58m 45s)

