#
# There is insufficient memory for the Java Runtime Environment to continue.
# Native memory allocation (malloc) failed to allocate 1818768 bytes for Chunk::new
# Possible reasons:
#   The system is out of physical RAM or swap space
#   In 32 bit mode, the process size limit was hit
# Possible solutions:
#   Reduce memory load on the system
#   Increase physical memory or swap space
#   Check if swap backing store is full
#   Use 64 bit Java on a 64 bit OS
#   Decrease Java heap size (-Xmx/-Xms)
#   Decrease number of Java threads
#   Decrease Java thread stack sizes (-Xss)
#   Set larger code cache with -XX:ReservedCodeCacheSize=
# This output file may be truncated or incomplete.
#
#  Out of Memory Error (allocation.cpp:390), pid=9744, tid=6012
#
# JRE version: Java(TM) SE Runtime Environment (8.0_45-b15) (build 1.8.0_45-b15)
# Java VM: Java HotSpot(TM) 64-Bit Server VM (25.45-b02 mixed mode windows-amd64 compressed oops)
# Failed to write core dump. Minidumps are not enabled by default on client versions of Windows
#

---------------  T H R E A D  ---------------

Current thread (0x0000000056422800):  JavaThread "C2 CompilerThread0" daemon [_thread_in_native, id=6012, stack(0x0000000056d20000,0x0000000056e20000)]

Stack: [0x0000000056d20000,0x0000000056e20000]
Native frames: (J=compiled Java code, j=interpreted, Vv=VM code, C=native code)
V  [jvm.dll+0x32b57a]


Current CompileTask:
C2: 595885 6845       4       org.codehaus.groovy.reflection.CachedClass$3::initValue (264 bytes)


---------------  P R O C E S S  ---------------

Java Threads: ( => current thread )
  0x0000000057618000 JavaThread "Stdin handler" [_thread_blocked, id=5332, stack(0x0000000059600000,0x0000000059700000)]
  0x0000000057616800 JavaThread "Daemon worker Thread 2" [_thread_in_native, id=12576, stack(0x0000000059470000,0x0000000059570000)]
  0x0000000057617000 JavaThread "Cancel handler" [_thread_blocked, id=4820, stack(0x0000000059360000,0x0000000059460000)]
  0x0000000057615800 JavaThread "Handler for socket connection from /127.0.0.1:23885 to /127.0.0.1:26127" [_thread_in_native, id=4768, stack(0x0000000059030000,0x0000000059130000)]
  0x0000000057614000 JavaThread "Daemon Thread 2" [_thread_blocked, id=12044, stack(0x0000000059180000,0x0000000059280000)]
  0x000000005a038000 JavaThread "File lock request listener" [_thread_in_native, id=12988, stack(0x000000005afb0000,0x000000005b0b0000)]
  0x0000000057d1e000 JavaThread "Incoming local TCP Connector on port 23885" [_thread_in_native, id=6664, stack(0x0000000058c20000,0x0000000058d20000)]
  0x00000000564a2800 JavaThread "Service Thread" daemon [_thread_blocked, id=8236, stack(0x0000000056fe0000,0x00000000570e0000)]
  0x0000000056429000 JavaThread "C1 CompilerThread2" daemon [_thread_blocked, id=11344, stack(0x00000000570f0000,0x00000000571f0000)]
  0x0000000056428000 JavaThread "C2 CompilerThread1" daemon [_thread_in_native, id=7504, stack(0x0000000056e40000,0x0000000056f40000)]
=>0x0000000056422800 JavaThread "C2 CompilerThread0" daemon [_thread_in_native, id=6012, stack(0x0000000056d20000,0x0000000056e20000)]
  0x0000000055007000 JavaThread "Attach Listener" daemon [_thread_blocked, id=6688, stack(0x0000000056b20000,0x0000000056c20000)]
  0x0000000055005800 JavaThread "Signal Dispatcher" daemon [_thread_blocked, id=928, stack(0x0000000056920000,0x0000000056a20000)]
  0x0000000054fa7800 JavaThread "Finalizer" daemon [_thread_blocked, id=12656, stack(0x0000000056320000,0x0000000056420000)]
  0x0000000054fa0800 JavaThread "Reference Handler" daemon [_thread_blocked, id=10496, stack(0x0000000056070000,0x0000000056170000)]
  0x0000000001bdf800 JavaThread "main" [_thread_blocked, id=9552, stack(0x00000000022f0000,0x00000000023f0000)]

Other Threads:
  0x0000000054f9d000 VMThread [stack: 0x00000000561a0000,0x00000000562a0000] [id=12032]
  0x00000000564a5800 WatcherThread [stack: 0x0000000057310000,0x0000000057410000] [id=11656]

VM state:not at safepoint (normal execution)

VM Mutex/Monitor currently owned by a thread: None

Heap:
 PSYoungGen      total 261632K, used 113052K [0x00000000eab00000, 0x00000000fc700000, 0x0000000100000000)
  eden space 238592K, 47% used [0x00000000eab00000,0x00000000f1967120,0x00000000f9400000)
  from space 23040K, 0% used [0x00000000fac80000,0x00000000fac80000,0x00000000fc300000)
  to   space 25088K, 0% used [0x00000000f9400000,0x00000000f9400000,0x00000000fac80000)
 ParOldGen       total 69632K, used 45556K [0x00000000c0000000, 0x00000000c4400000, 0x00000000eab00000)
  object space 69632K, 65% used [0x00000000c0000000,0x00000000c2c7d070,0x00000000c4400000)
 Metaspace       used 49419K, capacity 52157K, committed 52392K, reserved 1093632K
  class space    used 6799K, capacity 7832K, committed 7848K, reserved 1048576K

Card table byte_map: [0x0000000011a80000,0x0000000011c90000] byte_map_base: 0x0000000011480000

Marking Bits: (ParMarkBitMap*) 0x000000005bbb4040
 Begin Bits: [0x0000000012410000, 0x0000000013410000)
 End Bits:   [0x0000000013410000, 0x0000000014410000)

Polling page: 0x00000000001c0000

CodeCache: size=245760Kb used=21143Kb max_used=21143Kb free=224616Kb
 bounds [0x00000000026c0000, 0x0000000003b90000, 0x00000000116c0000]
 total_blobs=6362 nmethods=5674 adapters=599
 compilation: enabled

Compilation events (10 events):
Event: 595.247 Thread 0x0000000056429000 6852       3       org.gradle.logging.internal.DefaultProgressLoggerFactory$ProgressLoggerImpl::assertCanConfigure (21 bytes)
Event: 595.247 Thread 0x0000000056429000 nmethod 6852 0x0000000003b76b90 code [0x0000000003b76d00, 0x0000000003b76f68]
Event: 595.268 Thread 0x0000000056429000 6853       3       org.gradle.api.internal.artifacts.ivyservice.ivyresolve.ComponentMetaDataResolveState::resolve (120 bytes)
Event: 595.269 Thread 0x0000000056429000 nmethod 6853 0x0000000003b75d90 code [0x0000000003b75fa0, 0x0000000003b76838]
Event: 595.269 Thread 0x0000000056429000 6854       3       org.gradle.api.internal.artifacts.ivyservice.ivyresolve.memcache.InMemoryCachedModuleComponentRepository$CachedAccess::resolveComponentMetaData (29 bytes)
Event: 595.269 Thread 0x0000000056429000 nmethod 6854 0x0000000003b80490 code [0x0000000003b80660, 0x0000000003b80cd8]
Event: 595.270 Thread 0x0000000056429000 6855       3       org.gradle.api.internal.artifacts.ivyservice.ivyresolve.memcache.InMemoryMetaDataCache::supplyMetaData (40 bytes)
Event: 595.270 Thread 0x0000000056429000 nmethod 6855 0x0000000003b80fd0 code [0x0000000003b81160, 0x0000000003b81518]
Event: 595.270 Thread 0x0000000056429000 6856       3       org.gradle.api.internal.artifacts.ivyservice.resolveengine.graph.DependencyGraphBuilder$ResolveState::getModule (47 bytes)
Event: 595.270 Thread 0x0000000056429000 nmethod 6856 0x0000000003b81690 code [0x0000000003b81840, 0x0000000003b81d68]

GC Heap History (10 events):
Event: 17.063 GC heap before
{Heap before GC invocations=9 (full 1):
 PSYoungGen      total 137728K, used 109175K [0x00000000eab00000, 0x00000000f7b80000, 0x0000000100000000)
  eden space 128512K, 77% used [0x00000000eab00000,0x00000000f0ca5e90,0x00000000f2880000)
  from space 9216K, 99% used [0x00000000f2880000,0x00000000f3178010,0x00000000f3180000)
  to   space 14848K, 0% used [0x00000000f6d00000,0x00000000f6d00000,0x00000000f7b80000)
 ParOldGen       total 40448K, used 22912K [0x00000000c0000000, 0x00000000c2780000, 0x00000000eab00000)
  object space 40448K, 56% used [0x00000000c0000000,0x00000000c16602f8,0x00000000c2780000)
 Metaspace       used 34030K, capacity 35430K, committed 35496K, reserved 1079296K
  class space    used 4725K, capacity 5251K, committed 5288K, reserved 1048576K
Event: 17.226 GC heap after
Heap after GC invocations=9 (full 1):
 PSYoungGen      total 193536K, used 14848K [0x00000000eab00000, 0x00000000f9f00000, 0x0000000100000000)
  eden space 178688K, 0% used [0x00000000eab00000,0x00000000eab00000,0x00000000f5980000)
  from space 14848K, 100% used [0x00000000f6d00000,0x00000000f7b80000,0x00000000f7b80000)
  to   space 19968K, 0% used [0x00000000f5980000,0x00000000f5980000,0x00000000f6d00000)
 ParOldGen       total 40448K, used 28677K [0x00000000c0000000, 0x00000000c2780000, 0x00000000eab00000)
  object space 40448K, 70% used [0x00000000c0000000,0x00000000c1c015c0,0x00000000c2780000)
 Metaspace       used 34030K, capacity 35430K, committed 35496K, reserved 1079296K
  class space    used 4725K, capacity 5251K, committed 5288K, reserved 1048576K
}
Event: 17.226 GC heap before
{Heap before GC invocations=10 (full 2):
 PSYoungGen      total 193536K, used 14848K [0x00000000eab00000, 0x00000000f9f00000, 0x0000000100000000)
  eden space 178688K, 0% used [0x00000000eab00000,0x00000000eab00000,0x00000000f5980000)
  from space 14848K, 100% used [0x00000000f6d00000,0x00000000f7b80000,0x00000000f7b80000)
  to   space 19968K, 0% used [0x00000000f5980000,0x00000000f5980000,0x00000000f6d00000)
 ParOldGen       total 40448K, used 28677K [0x00000000c0000000, 0x00000000c2780000, 0x00000000eab00000)
  object space 40448K, 70% used [0x00000000c0000000,0x00000000c1c015c0,0x00000000c2780000)
 Metaspace       used 34030K, capacity 35430K, committed 35496K, reserved 1079296K
  class space    used 4725K, capacity 5251K, committed 5288K, reserved 1048576K
Event: 17.651 GC heap after
Heap after GC invocations=10 (full 2):
 PSYoungGen      total 193536K, used 0K [0x00000000eab00000, 0x00000000f9f00000, 0x0000000100000000)
  eden space 178688K, 0% used [0x00000000eab00000,0x00000000eab00000,0x00000000f5980000)
  from space 14848K, 0% used [0x00000000f6d00000,0x00000000f6d00000,0x00000000f7b80000)
  to   space 19968K, 0% used [0x00000000f5980000,0x00000000f5980000,0x00000000f6d00000)
 ParOldGen       total 69632K, used 32715K [0x00000000c0000000, 0x00000000c4400000, 0x00000000eab00000)
  object space 69632K, 46% used [0x00000000c0000000,0x00000000c1ff2cf8,0x00000000c4400000)
 Metaspace       used 34030K, capacity 35430K, committed 35496K, reserved 1079296K
  class space    used 4725K, capacity 5251K, committed 5288K, reserved 1048576K
}
Event: 34.054 GC heap before
{Heap before GC invocations=11 (full 2):
 PSYoungGen      total 193536K, used 178688K [0x00000000eab00000, 0x00000000f9f00000, 0x0000000100000000)
  eden space 178688K, 100% used [0x00000000eab00000,0x00000000f5980000,0x00000000f5980000)
  from space 14848K, 0% used [0x00000000f6d00000,0x00000000f6d00000,0x00000000f7b80000)
  to   space 19968K, 0% used [0x00000000f5980000,0x00000000f5980000,0x00000000f6d00000)
 ParOldGen       total 69632K, used 32715K [0x00000000c0000000, 0x00000000c4400000, 0x00000000eab00000)
  object space 69632K, 46% used [0x00000000c0000000,0x00000000c1ff2cf8,0x00000000c4400000)
 Metaspace       used 44320K, capacity 46299K, committed 46632K, reserved 1089536K
  class space    used 6124K, capacity 6861K, committed 6952K, reserved 1048576K
Event: 34.107 GC heap after
Heap after GC invocations=11 (full 2):
 PSYoungGen      total 198656K, used 19936K [0x00000000eab00000, 0x00000000fc300000, 0x0000000100000000)
  eden space 178688K, 0% used [0x00000000eab00000,0x00000000eab00000,0x00000000f5980000)
  from space 19968K, 99% used [0x00000000f5980000,0x00000000f6cf8350,0x00000000f6d00000)
  to   space 23040K, 0% used [0x00000000fac80000,0x00000000fac80000,0x00000000fc300000)
 ParOldGen       total 69632K, used 32997K [0x00000000c0000000, 0x00000000c4400000, 0x00000000eab00000)
  object space 69632K, 47% used [0x00000000c0000000,0x00000000c20394b8,0x00000000c4400000)
 Metaspace       used 44320K, capacity 46299K, committed 46632K, reserved 1089536K
  class space    used 6124K, capacity 6861K, committed 6952K, reserved 1048576K
}
Event: 36.083 GC heap before
{Heap before GC invocations=12 (full 2):
 PSYoungGen      total 198656K, used 49310K [0x00000000eab00000, 0x00000000fc300000, 0x0000000100000000)
  eden space 178688K, 16% used [0x00000000eab00000,0x00000000ec7af668,0x00000000f5980000)
  from space 19968K, 99% used [0x00000000f5980000,0x00000000f6cf8350,0x00000000f6d00000)
  to   space 23040K, 0% used [0x00000000fac80000,0x00000000fac80000,0x00000000fc300000)
 ParOldGen       total 69632K, used 32997K [0x00000000c0000000, 0x00000000c4400000, 0x00000000eab00000)
  object space 69632K, 47% used [0x00000000c0000000,0x00000000c20394b8,0x00000000c4400000)
 Metaspace       used 45361K, capacity 47435K, committed 47528K, reserved 1089536K
  class space    used 6291K, capacity 7070K, committed 7080K, reserved 1048576K
Event: 36.112 GC heap after
Heap after GC invocations=12 (full 2):
 PSYoungGen      total 261632K, used 18646K [0x00000000eab00000, 0x00000000fc700000, 0x0000000100000000)
  eden space 238592K, 0% used [0x00000000eab00000,0x00000000eab00000,0x00000000f9400000)
  from space 23040K, 80% used [0x00000000fac80000,0x00000000fbeb59d0,0x00000000fc300000)
  to   space 25088K, 0% used [0x00000000f9400000,0x00000000f9400000,0x00000000fac80000)
 ParOldGen       total 69632K, used 33005K [0x00000000c0000000, 0x00000000c4400000, 0x00000000eab00000)
  object space 69632K, 47% used [0x00000000c0000000,0x00000000c203b4b8,0x00000000c4400000)
 Metaspace       used 45361K, capacity 47435K, committed 47528K, reserved 1089536K
  class space    used 6291K, capacity 7070K, committed 7080K, reserved 1048576K
}
Event: 36.112 GC heap before
{Heap before GC invocations=13 (full 3):
 PSYoungGen      total 261632K, used 18646K [0x00000000eab00000, 0x00000000fc700000, 0x0000000100000000)
  eden space 238592K, 0% used [0x00000000eab00000,0x00000000eab00000,0x00000000f9400000)
  from space 23040K, 80% used [0x00000000fac80000,0x00000000fbeb59d0,0x00000000fc300000)
  to   space 25088K, 0% used [0x00000000f9400000,0x00000000f9400000,0x00000000fac80000)
 ParOldGen       total 69632K, used 33005K [0x00000000c0000000, 0x00000000c4400000, 0x00000000eab00000)
  object space 69632K, 47% used [0x00000000c0000000,0x00000000c203b4b8,0x00000000c4400000)
 Metaspace       used 45361K, capacity 47435K, committed 47528K, reserved 1089536K
  class space    used 6291K, capacity 7070K, committed 7080K, reserved 1048576K
Event: 36.565 GC heap after
Heap after GC invocations=13 (full 3):
 PSYoungGen      total 261632K, used 0K [0x00000000eab00000, 0x00000000fc700000, 0x0000000100000000)
  eden space 238592K, 0% used [0x00000000eab00000,0x00000000eab00000,0x00000000f9400000)
  from space 23040K, 0% used [0x00000000fac80000,0x00000000fac80000,0x00000000fc300000)
  to   space 25088K, 0% used [0x00000000f9400000,0x00000000f9400000,0x00000000fac80000)
 ParOldGen       total 69632K, used 45556K [0x00000000c0000000, 0x00000000c4400000, 0x00000000eab00000)
  object space 69632K, 65% used [0x00000000c0000000,0x00000000c2c7d070,0x00000000c4400000)
 Metaspace       used 45361K, capacity 47435K, committed 47528K, reserved 1089536K
  class space    used 6291K, capacity 7070K, committed 7080K, reserved 1048576K
}

Deoptimization events (10 events):
Event: 594.235 Thread 0x0000000057616800 Uncommon trap: reason=class_check action=maybe_recompile pc=0x0000000002f2686c method=java.lang.Throwable.<init>(Ljava/lang/String;Ljava/lang/Throwable;)V @ 24
Event: 594.260 Thread 0x0000000057616800 Uncommon trap: reason=array_check action=maybe_recompile pc=0x0000000002961334 method=java.util.ComparableTimSort.binarySort([Ljava/lang/Object;III)V @ 215
Event: 594.304 Thread 0x0000000057616800 Uncommon trap: reason=array_check action=maybe_recompile pc=0x0000000003b18148 method=java.util.ComparableTimSort.binarySort([Ljava/lang/Object;III)V @ 193
Event: 594.307 Thread 0x0000000057616800 Uncommon trap: reason=array_check action=maybe_recompile pc=0x0000000003b18148 method=java.util.ComparableTimSort.binarySort([Ljava/lang/Object;III)V @ 193
Event: 594.307 Thread 0x0000000057616800 Uncommon trap: reason=array_check action=maybe_recompile pc=0x0000000003b18148 method=java.util.ComparableTimSort.binarySort([Ljava/lang/Object;III)V @ 193
Event: 594.386 Thread 0x0000000057616800 Uncommon trap: reason=array_check action=maybe_recompile pc=0x0000000002961334 method=java.util.ComparableTimSort.binarySort([Ljava/lang/Object;III)V @ 215
Event: 594.404 Thread 0x0000000057616800 Uncommon trap: reason=array_check action=maybe_recompile pc=0x0000000002939368 method=java.util.ComparableTimSort.binarySort([Ljava/lang/Object;III)V @ 183
Event: 594.425 Thread 0x0000000057616800 Uncommon trap: reason=array_check action=maybe_recompile pc=0x0000000002939368 method=java.util.ComparableTimSort.binarySort([Ljava/lang/Object;III)V @ 183
Event: 594.822 Thread 0x0000000057616800 Uncommon trap: reason=bimorphic action=maybe_recompile pc=0x0000000002857a38 method=groovy.lang.MetaClassImpl.findPropertyMethod(Ljava/lang/Object;ZZ)Lgroovy/lang/MetaMethod; @ 190
Event: 594.911 Thread 0x0000000057616800 Uncommon trap: reason=null_check action=make_not_entrant pc=0x0000000003b27868 method=groovy.lang.MetaClassImpl.distanceToObject(Ljava/lang/Class;)I @ 7

Internal exceptions (10 events):
Event: 595.182 Thread 0x0000000057616800 Exception <a 'java/lang/ClassNotFoundException': com/android/build/gradle/internal/tasks/PrepareLibraryTask_DecoratedBeanInfo> (0x00000000f1633938) thrown at [C:\re\workspace\8-2-build-windows-amd64-cygwin\jdk8u45\3627\hotspot\src\share\vm\classfile\systeméÅ∞ﬁvôÇ@
Event: 595.183 Thread 0x0000000057616800 Exception <a 'java/lang/ClassNotFoundException': com/android/build/gradle/internal/tasks/PrepareLibraryTaskBeanInfo> (0x00000000f16433b8) thrown at [C:\re\workspace\8-2-build-windows-amd64-cygwin\jdk8u45\3627\hotspot\src\share\vm\classfile\systemDictionary¿)ÀñxôÇ@
Event: 595.184 Thread 0x0000000057616800 Exception <a 'java/lang/ClassNotFoundException': com/android/build/gradle/internal/tasks/PrepareLibraryTaskCustomizer> (0x00000000f1653640) thrown at [C:\re\workspace\8-2-build-windows-amd64-cygwin\jdk8u45\3627\hotspot\src\share\vm\classfile\systemDictiona:–ï{ôÇ@
Event: 595.185 Thread 0x0000000057616800 Exception <a 'java/lang/ClassNotFoundException': com/android/build/gradle/internal/tasks/PrepareLibraryTask_DecoratedCustomizer> (0x00000000f16a2cc8) thrown at [C:\re\workspace\8-2-build-windows-amd64-cygwin\jdk8u45\3627\hotspot\src\share\vm\classfile\syst⁄LòèôÇ@
Event: 595.195 Thread 0x0000000057616800 Exception <a 'java/lang/ClassNotFoundException': com/google/common/collect/AbstractMapBasedMultimap$RandomAccessWrappedListBeanInfo> (0x00000000f1763098) thrown at [C:\re\workspace\8-2-build-windows-amd64-cygwin\jdk8u45\3627\hotspot\src\share\vm\classfile\ïbëêôÇ@
Event: 595.196 Thread 0x0000000057616800 Exception <a 'java/lang/ClassNotFoundException': com/google/common/collect/AbstractMapBasedMultimap$WrappedListBeanInfo> (0x00000000f1772cd8) thrown at [C:\re\workspace\8-2-build-windows-amd64-cygwin\jdk8u45\3627\hotspot\src\share\vm\classfile\systemDictioÃ(%òëôÇ@
Event: 595.196 Thread 0x0000000057616800 Exception <a 'java/lang/ClassNotFoundException': com/google/common/collect/AbstractMapBasedMultimap$WrappedCollectionBeanInfo> (0x00000000f17836f0) thrown at [C:\re\workspace\8-2-build-windows-amd64-cygwin\jdk8u45\3627\hotspot\src\share\vm\classfile\system%Ö7úíôÇ@
Event: 595.197 Thread 0x0000000057616800 Exception <a 'java/lang/ClassNotFoundException': com/google/common/collect/AbstractMapBasedMultimap$WrappedCollectionCustomizer> (0x00000000f17943d8) thrown at [C:\re\workspace\8-2-build-windows-amd64-cygwin\jdk8u45\3627\hotspot\src\share\vm\classfile\syst
Event: 595.201 Thread 0x0000000057616800 Exception <a 'java/lang/ClassNotFoundException': com/google/common/collect/AbstractMapBasedMultimap$WrappedListCustomizer> (0x00000000f17dfe40) thrown at [C:\re\workspace\8-2-build-windows-amd64-cygwin\jdk8u45\3627\hotspot\src\share\vm\classfile\systemDict´ı”ÛùôÇ@
Event: 595.202 Thread 0x0000000057616800 Exception <a 'java/lang/ClassNotFoundException': com/google/common/collect/AbstractMapBasedMultimap$RandomAccessWrappedListCustomizer> (0x00000000f1803fb0) thrown at [C:\re\workspace\8-2-build-windows-amd64-cygwin\jdk8u45\3627\hotspot\src\share\vm\classfiläü®uôÇ@

Events (10 events):
Event: 595.197 loading class com/google/common/collect/AbstractMapBasedMultimap$WrappedCollectionCustomizer
Event: 595.197 loading class com/google/common/collect/AbstractMapBasedMultimap$WrappedCollectionCustomizer done
Event: 595.200 loading class com/google/common/collect/AbstractMapBasedMultimap$WrappedListCustomizer
Event: 595.200 loading class com/google/common/collect/AbstractMapBasedMultimap$WrappedListCustomizer done
Event: 595.201 loading class com/google/common/collect/AbstractMapBasedMultimap$WrappedListCustomizer
Event: 595.201 loading class com/google/common/collect/AbstractMapBasedMultimap$WrappedListCustomizer done
Event: 595.202 loading class com/google/common/collect/AbstractMapBasedMultimap$RandomAccessWrappedListCustomizer
Event: 595.202 loading class com/google/common/collect/AbstractMapBasedMultimap$RandomAccessWrappedListCustomizer done
Event: 595.202 loading class com/google/common/collect/AbstractMapBasedMultimap$RandomAccessWrappedListCustomizer
Event: 595.202 loading class com/google/common/collect/AbstractMapBasedMultimap$RandomAccessWrappedListCustomizer done


Dynamic libraries:
0x000000013f390000 - 0x000000013f3c7000 	C:\Program Files\Java\jdk1.8.0_45\bin\java.exe
0x00000000775c0000 - 0x0000000077769000 	C:\windows\SYSTEM32\ntdll.dll
0x00000000774a0000 - 0x00000000775bf000 	C:\windows\system32\kernel32.dll
0x000007fefc440000 - 0x000007fefc4ac000 	C:\windows\system32\KERNELBASE.dll
0x000007fefd5c0000 - 0x000007fefd69b000 	C:\windows\system32\ADVAPI32.dll
0x000007fefc8e0000 - 0x000007fefc97f000 	C:\windows\system32\msvcrt.dll
0x000007fefd580000 - 0x000007fefd59f000 	C:\windows\SYSTEM32\sechost.dll
0x000007fefccf0000 - 0x000007fefce1d000 	C:\windows\system32\RPCRT4.dll
0x00000000773a0000 - 0x000000007749a000 	C:\windows\system32\USER32.dll
0x000007fefd510000 - 0x000007fefd577000 	C:\windows\system32\GDI32.dll
0x000007fefea80000 - 0x000007fefea8e000 	C:\windows\system32\LPK.dll
0x000007fefcc20000 - 0x000007fefcce9000 	C:\windows\system32\USP10.dll
0x000007fefaca0000 - 0x000007fefae94000 	C:\windows\WinSxS\amd64_microsoft.windows.common-controls_6595b64144ccf1df_6.0.7601.17514_none_fa396087175ac9ac\COMCTL32.dll
0x000007fefca90000 - 0x000007fefcb01000 	C:\windows\system32\SHLWAPI.dll
0x000007fefc980000 - 0x000007fefc9ae000 	C:\windows\system32\IMM32.DLL
0x000007fefcb10000 - 0x000007fefcc19000 	C:\windows\system32\MSCTF.dll
0x0000000061190000 - 0x0000000061262000 	C:\Program Files\Java\jdk1.8.0_45\jre\bin\msvcr100.dll
0x000000005b3b0000 - 0x000000005bc33000 	C:\Program Files\Java\jdk1.8.0_45\jre\bin\server\jvm.dll
0x000007fef7620000 - 0x000007fef7629000 	C:\windows\system32\WSOCK32.dll
0x000007fefce20000 - 0x000007fefce6d000 	C:\windows\system32\WS2_32.dll
0x000007fefea90000 - 0x000007fefea98000 	C:\windows\system32\NSI.dll
0x000007fefa280000 - 0x000007fefa2bb000 	C:\windows\system32\WINMM.dll
0x000007fefb7e0000 - 0x000007fefb7ec000 	C:\windows\system32\VERSION.dll
0x0000000077780000 - 0x0000000077787000 	C:\windows\system32\PSAPI.DLL
0x0000000069ad0000 - 0x0000000069adf000 	C:\Program Files\Java\jdk1.8.0_45\jre\bin\verify.dll
0x0000000069aa0000 - 0x0000000069ac9000 	C:\Program Files\Java\jdk1.8.0_45\jre\bin\java.dll
0x0000000069a80000 - 0x0000000069a96000 	C:\Program Files\Java\jdk1.8.0_45\jre\bin\zip.dll
0x000007fefda00000 - 0x000007fefe788000 	C:\windows\system32\SHELL32.dll
0x000007fefd300000 - 0x000007fefd503000 	C:\windows\system32\ole32.dll
0x000007fefc3c0000 - 0x000007fefc3cf000 	C:\windows\system32\profapi.dll
0x000007fefbd20000 - 0x000007fefbd37000 	C:\windows\system32\CRYPTSP.dll
0x000007fefb790000 - 0x000007fefb7d7000 	C:\windows\system32\rsaenh.dll
0x000007fefc3f0000 - 0x000007fefc40e000 	C:\windows\system32\USERENV.dll
0x000007fefc260000 - 0x000007fefc26f000 	C:\windows\system32\CRYPTBASE.dll
0x0000000069a60000 - 0x0000000069a7a000 	C:\Program Files\Java\jdk1.8.0_45\jre\bin\net.dll
0x000007fefbb50000 - 0x000007fefbba5000 	C:\windows\system32\mswsock.dll
0x000007fefbe00000 - 0x000007fefbe07000 	C:\windows\System32\wship6.dll
0x000007fef9930000 - 0x000007fef9957000 	C:\windows\system32\IPHLPAPI.DLL
0x000007fef9920000 - 0x000007fef992b000 	C:\windows\system32\WINNSI.DLL
0x000007fef95c0000 - 0x000007fef95d8000 	C:\windows\system32\dhcpcsvc.DLL
0x000007fef9020000 - 0x000007fef9031000 	C:\windows\system32\dhcpcsvc6.DLL
0x0000000069a40000 - 0x0000000069a51000 	C:\Program Files\Java\jdk1.8.0_45\jre\bin\nio.dll
0x000007feebe90000 - 0x000007feebea2000 	C:\Users\craig\AppData\Local\Temp\native-platform982368784675631189dir\native-platform.dll
0x000007fefc200000 - 0x000007fefc257000 	C:\windows\system32\apphelp.dll

VM Arguments:
jvm_args: -XX:MaxPermSize=256m -XX:+HeapDumpOnOutOfMemoryError -Xmx1024m -Dfile.encoding=windows-1252 -Duser.country=AU -Duser.language=en -Duser.variant 
java_command: org.gradle.launcher.daemon.bootstrap.GradleDaemon 2.2.1 C:\Users\craig\.gradle\daemon 10800000 48e105f5-74ec-4390-876f-ed843af2e48d -XX:MaxPermSize=256m -XX:+HeapDumpOnOutOfMemoryError -Xmx1024m -Dfile.encoding=windows-1252 -Duser.country=AU -Duser.language=en -Duser.variant
java_class_path (initial): C:\Program Files\Android\Android Studio\gradle\gradle-2.2.1\lib\gradle-launcher-2.2.1.jar
Launcher Type: SUN_STANDARD

Environment Variables:
PATH=C:\ProgramData\Oracle\Java\javapath;C:\Program Files\Common Files\Microsoft Shared\Windows Live;C:\Program Files (x86)\Common Files\Microsoft Shared\Windows Live;C:\windows\system32;C:\windows;C:\windows\System32\Wbem;c:\Program Files (x86)\Common Files\Roxio Shared\OEM\DLLShared\;c:\Program Files (x86)\Common Files\Roxio Shared\OEM\DLLShared\;c:\Program Files (x86)\Common Files\Roxio Shared\OEM\12.0\DLLShared\;c:\Program Files (x86)\Roxio\OEM\AudioCore\;C:\Program Files\WIDCOMM\Bluetooth Software\;C:\Program Files\WIDCOMM\Bluetooth Software\syswow64;C:\Program Files (x86)\Windows Live\Shared;c:\Program Files (x86)\Microsoft SQL Server\100\Tools\Binn\;c:\Program Files\Microsoft SQL Server\100\Tools\Binn\;c:\Program Files\Microsoft SQL Server\100\DTS\Binn\;C:\Program Files\Microsoft SQL Server\110\Tools\Binn\;C:\Program Files\TortoiseSVN\bin;C:\windows\System32\WindowsPowerShell\v1.0\;C:\windows\System32\WindowsPowerShell\v1.0\;C:\Program Files\Microsoft SQL Server\120\Tools\Binn\;C:\Program Files\Microsoft\Web Platform Installer\;C:\Program Files (x86)\GtkSharp\2.12\bin;C:\Program Files\nodejs\;C:\Program Files (x86)\Microsoft SDKs\TypeScript\1.0\;C:\Program Files (x86)\Brackets\command;C:\Users\craig\AppData\Roaming\npm;C:\eb\eb\windows;C:\Program Files (x86)\Git\bin;C:\Program Files (x86)\Git\cmd
USERNAME=craig
OS=Windows_NT
PROCESSOR_IDENTIFIER=Intel64 Family 6 Model 42 Stepping 7, GenuineIntel



---------------  S Y S T E M  ---------------

OS: Windows 7 , 64 bit Build 7601 (6.1.7601.18409)

CPU:total 4 (2 cores per cpu, 2 threads per core) family 6 model 42 stepping 7, cmov, cx8, fxsr, mmx, sse, sse2, sse3, ssse3, sse4.1, sse4.2, popcnt, avx, aes, clmul, ht, tsc, tscinvbit

Memory: 4k page, physical 4100376k(210368k free), swap 5373640k(5184k free)

vm_info: Java HotSpot(TM) 64-Bit Server VM (25.45-b02) for windows-amd64 JRE (1.8.0_45-b15), built on Apr 30 2015 12:40:44 by "java_re" with MS VC++ 10.0 (VS2010)

time: Thu May 07 06:58:50 2015
elapsed time: 595 seconds (0d 0h 9m 55s)

